#
# There is insufficient memory for the Java Runtime Environment to continue.
# Native memory allocation (malloc) failed to allocate 32744 bytes for ChunkPool::allocate
# Possible reasons:
#   The system is out of physical RAM or swap space
#   The process is running with CompressedOops enabled, and the Java Heap may be blocking the growth of the native heap
# Possible solutions:
#   Reduce memory load on the system
#   Increase physical memory or swap space
#   Check if swap backing store is full
#   Decrease Java heap size (-Xmx/-Xms)
#   Decrease number of Java threads
#   Decrease Java thread stack sizes (-Xss)
#   Set larger code cache with -XX:ReservedCodeCacheSize=
#   JVM is running with Unscaled Compressed Oops mode in which the Java heap is
#     placed in the first 4GB address space. The Java Heap base address is the
#     maximum limit for the native heap growth. Please use -XX:HeapBaseMinAddress
#     to set the Java Heap base and to place the Java Heap above 4GB virtual address.
# This output file may be truncated or incomplete.
#
#  Out of Memory Error (arena.cpp:78), pid=12364, tid=16188
#
# JRE version: Java(TM) SE Runtime Environment (17.0.11+7) (build 17.0.11+7-LTS-207)
# Java VM: Java HotSpot(TM) 64-Bit Server VM (17.0.11+7-LTS-207, mixed mode, sharing, tiered, compressed oops, compressed class ptrs, g1 gc, windows-amd64)
# No core dump will be written. Minidumps are not enabled by default on client versions of Windows
#

---------------  S U M M A R Y ------------

Command Line: -Xmx64m -Xms64m -Dorg.gradle.appname=gradlew org.gradle.wrapper.GradleWrapperMain app:installDebug -PreactNativeDevServerPort=8081

Host: Intel(R) Core(TM) i7-4600U CPU @ 2.10GHz, 4 cores, 15G,  Windows 10 , 64 bit Build 19041 (10.0.19041.1889)
Time: Tue Jun 25 10:07:24 2024 Sri Lanka Standard Time elapsed time: 144.134346 seconds (0d 0h 2m 24s)

---------------  T H R E A D  ---------------

Current thread (0x000001dd74057a90):  JavaThread "C2 CompilerThread1" daemon [_thread_in_native, id=16188, stack(0x0000008b17100000,0x0000008b17200000)]


Current CompileTask:
C2: 144134 2074       4       org.gradle.internal.logging.text.AbstractLineChoppingStyledTextOutput$1::execute (140 bytes)

Stack: [0x0000008b17100000,0x0000008b17200000]
Native frames: (J=compiled Java code, j=interpreted, Vv=VM code, C=native code)
V  [jvm.dll+0x679cca]
V  [jvm.dll+0x7da13d]
V  [jvm.dll+0x7dba83]
V  [jvm.dll+0x7dc0f3]
V  [jvm.dll+0x2449af]
V  [jvm.dll+0xaba8c]
V  [jvm.dll+0xabe1c]
V  [jvm.dll+0x1dabf1]
V  [jvm.dll+0x1dbbac]
V  [jvm.dll+0x1db02e]
V  [jvm.dll+0x1cac30]
V  [jvm.dll+0x1261eb]
V  [jvm.dll+0x2a731c]
V  [jvm.dll+0x2a901f]
V  [jvm.dll+0x692056]
V  [jvm.dll+0x68a085]
V  [jvm.dll+0x6896d0]
V  [jvm.dll+0x6875e2]
V  [jvm.dll+0x1a528c]
V  [jvm.dll+0x1a5e18]
V  [jvm.dll+0x2a909c]
V  [jvm.dll+0x692056]
V  [jvm.dll+0x68a085]
V  [jvm.dll+0x6896d0]
V  [jvm.dll+0x6875e2]
V  [jvm.dll+0x1a528c]
V  [jvm.dll+0x1a5e18]
V  [jvm.dll+0x2a909c]
V  [jvm.dll+0x692056]
V  [jvm.dll+0x68a085]
V  [jvm.dll+0x6896d0]
V  [jvm.dll+0x6875e2]
V  [jvm.dll+0x1a528c]
V  [jvm.dll+0x2151b8]
V  [jvm.dll+0x1a2040]
V  [jvm.dll+0x225a2b]
V  [jvm.dll+0x223bcb]
V  [jvm.dll+0x7903ec]
V  [jvm.dll+0x78a85a]
V  [jvm.dll+0x678bb5]
C  [ucrtbase.dll+0x21bb2]
C  [KERNEL32.DLL+0x17034]
C  [ntdll.dll+0x526a1]


---------------  P R O C E S S  ---------------

Threads class SMR info:
_java_thread_list=0x000001dd74421e20, length=14, elements={
0x000001dd150c3cf0, 0x000001dd15198a80, 0x000001dd6f0e3fd0, 0x000001dd6f0f0590,
0x000001dd6f0f1a80, 0x000001dd6f0f1f60, 0x000001dd6f0f6450, 0x000001dd6f1030a0,
0x000001dd6f106b70, 0x000001dd6f119080, 0x000001dd6f22c770, 0x000001dd6f235080,
0x000001dd74765af0, 0x000001dd74057a90
}

Java Threads: ( => current thread )
  0x000001dd150c3cf0 JavaThread "main" [_thread_blocked, id=14864, stack(0x0000008b17400000,0x0000008b17500000)]
  0x000001dd15198a80 JavaThread "Reference Handler" daemon [_thread_blocked, id=14932, stack(0x0000008b17b00000,0x0000008b17c00000)]
  0x000001dd6f0e3fd0 JavaThread "Finalizer" daemon [_thread_blocked, id=17344, stack(0x0000008b17c00000,0x0000008b17d00000)]
  0x000001dd6f0f0590 JavaThread "Signal Dispatcher" daemon [_thread_blocked, id=16048, stack(0x0000008b17d00000,0x0000008b17e00000)]
  0x000001dd6f0f1a80 JavaThread "Attach Listener" daemon [_thread_blocked, id=7116, stack(0x0000008b17e00000,0x0000008b17f00000)]
  0x000001dd6f0f1f60 JavaThread "Service Thread" daemon [_thread_blocked, id=5968, stack(0x0000008b17f00000,0x0000008b18000000)]
  0x000001dd6f0f6450 JavaThread "Monitor Deflation Thread" daemon [_thread_blocked, id=9380, stack(0x0000008b18000000,0x0000008b18100000)]
  0x000001dd6f1030a0 JavaThread "C2 CompilerThread0" daemon [_thread_blocked, id=15656, stack(0x0000008b18100000,0x0000008b18200000)]
  0x000001dd6f106b70 JavaThread "C1 CompilerThread0" daemon [_thread_blocked, id=12492, stack(0x0000008b18200000,0x0000008b18300000)]
  0x000001dd6f119080 JavaThread "Sweeper thread" daemon [_thread_blocked, id=10496, stack(0x0000008b18300000,0x0000008b18400000)]
  0x000001dd6f22c770 JavaThread "Notification Thread" daemon [_thread_blocked, id=2472, stack(0x0000008b18400000,0x0000008b18500000)]
  0x000001dd6f235080 JavaThread "Common-Cleaner" daemon [_thread_blocked, id=3000, stack(0x0000008b18600000,0x0000008b18700000)]
  0x000001dd74765af0 JavaThread "DisconnectableInputStream source reader" daemon [_thread_in_native, id=14076, stack(0x0000008b18c00000,0x0000008b18d00000)]
=>0x000001dd74057a90 JavaThread "C2 CompilerThread1" daemon [_thread_in_native, id=16188, stack(0x0000008b17100000,0x0000008b17200000)]

Other Threads:
  0x000001dd15196080 VMThread "VM Thread" [stack: 0x0000008b17a00000,0x0000008b17b00000] [id=4180]
  0x000001dd150f2960 WatcherThread [stack: 0x0000008b18500000,0x0000008b18600000] [id=4288]
  0x000001dd150e3b60 GCTaskThread "GC Thread#0" [stack: 0x0000008b17500000,0x0000008b17600000] [id=10192]
  0x000001dd6f3f0a40 GCTaskThread "GC Thread#1" [stack: 0x0000008b18800000,0x0000008b18900000] [id=5464]
  0x000001dd6f6671a0 GCTaskThread "GC Thread#2" [stack: 0x0000008b18900000,0x0000008b18a00000] [id=14476]
  0x000001dd6f5e3d90 GCTaskThread "GC Thread#3" [stack: 0x0000008b18a00000,0x0000008b18b00000] [id=7040]
  0x000001dd150e52b0 ConcurrentGCThread "G1 Main Marker" [stack: 0x0000008b17600000,0x0000008b17700000] [id=10048]
  0x000001dd150e6cd0 ConcurrentGCThread "G1 Conc#0" [stack: 0x0000008b17700000,0x0000008b17800000] [id=13096]
  0x000001dd1513a580 ConcurrentGCThread "G1 Refine#0" [stack: 0x0000008b17800000,0x0000008b17900000] [id=13964]
  0x000001dd1513bee0 ConcurrentGCThread "G1 Service" [stack: 0x0000008b17900000,0x0000008b17a00000] [id=12864]

Threads with active compile tasks:
C2 CompilerThread1   144213 2074       4       org.gradle.internal.logging.text.AbstractLineChoppingStyledTextOutput$1::execute (140 bytes)

VM state: not at safepoint (normal execution)

VM Mutex/Monitor currently owned by a thread: None

Heap address: 0x00000000fc000000, size: 64 MB, Compressed Oops mode: 32-bit

CDS archive(s) mapped at: [0x000001dd2e000000-0x000001dd2ebd0000-0x000001dd2ebd0000), size 12386304, SharedBaseAddress: 0x000001dd2e000000, ArchiveRelocationMode: 1.
Compressed class space mapped at: 0x000001dd2f000000-0x000001dd6f000000, reserved size: 1073741824
Narrow klass base: 0x000001dd2e000000, Narrow klass shift: 0, Narrow klass range: 0x100000000

GC Precious Log:
 CPUs: 4 total, 4 available
 Memory: 16281M
 Large Page Support: Disabled
 NUMA Support: Disabled
 Compressed Oops: Enabled (32-bit)
 Heap Region Size: 1M
 Heap Min Capacity: 64M
 Heap Initial Capacity: 64M
 Heap Max Capacity: 64M
 Pre-touch: Disabled
 Parallel Workers: 4
 Concurrent Workers: 1
 Concurrent Refinement Workers: 4
 Periodic GC: Disabled

Heap:
 garbage-first heap   total 65536K, used 23979K [0x00000000fc000000, 0x0000000100000000)
  region size 1024K, 14 young (14336K), 3 survivors (3072K)
 Metaspace       used 10711K, committed 10944K, reserved 1114112K
  class space    used 1368K, committed 1472K, reserved 1048576K

Heap Regions: E=young(eden), S=young(survivor), O=old, HS=humongous(starts), HC=humongous(continues), CS=collection set, F=free, OA=open archive, CA=closed archive, TAMS=top-at-mark-start (previous, next)
|   0|0x00000000fc000000, 0x00000000fc100000, 0x00000000fc100000|100%| O|  |TAMS 0x00000000fc000000, 0x00000000fc000000| Untracked 
|   1|0x00000000fc100000, 0x00000000fc200000, 0x00000000fc200000|100%|HS|  |TAMS 0x00000000fc100000, 0x00000000fc100000| Complete 
|   2|0x00000000fc200000, 0x00000000fc300000, 0x00000000fc300000|100%|HC|  |TAMS 0x00000000fc200000, 0x00000000fc200000| Complete 
|   3|0x00000000fc300000, 0x00000000fc400000, 0x00000000fc400000|100%|HC|  |TAMS 0x00000000fc300000, 0x00000000fc300000| Complete 
|   4|0x00000000fc400000, 0x00000000fc500000, 0x00000000fc500000|100%|HC|  |TAMS 0x00000000fc400000, 0x00000000fc400000| Complete 
|   5|0x00000000fc500000, 0x00000000fc600000, 0x00000000fc600000|100%| O|  |TAMS 0x00000000fc500000, 0x00000000fc500000| Untracked 
|   6|0x00000000fc600000, 0x00000000fc700000, 0x00000000fc700000|100%| O|  |TAMS 0x00000000fc600000, 0x00000000fc600000| Untracked 
|   7|0x00000000fc700000, 0x00000000fc800000, 0x00000000fc800000|100%| O|  |TAMS 0x00000000fc700000, 0x00000000fc700000| Untracked 
|   8|0x00000000fc800000, 0x00000000fc900000, 0x00000000fc900000|100%| O|  |TAMS 0x00000000fc800000, 0x00000000fc800000| Untracked 
|   9|0x00000000fc900000, 0x00000000fca00000, 0x00000000fca00000|100%| O|  |TAMS 0x00000000fc900000, 0x00000000fc900000| Untracked 
|  10|0x00000000fca00000, 0x00000000fcacd600, 0x00000000fcb00000| 80%| O|  |TAMS 0x00000000fca00000, 0x00000000fca00000| Untracked 
|  11|0x00000000fcb00000, 0x00000000fcb00000, 0x00000000fcc00000|  0%| F|  |TAMS 0x00000000fcb00000, 0x00000000fcb00000| Untracked 
|  12|0x00000000fcc00000, 0x00000000fcc00000, 0x00000000fcd00000|  0%| F|  |TAMS 0x00000000fcc00000, 0x00000000fcc00000| Untracked 
|  13|0x00000000fcd00000, 0x00000000fcd00000, 0x00000000fce00000|  0%| F|  |TAMS 0x00000000fcd00000, 0x00000000fcd00000| Untracked 
|  14|0x00000000fce00000, 0x00000000fce00000, 0x00000000fcf00000|  0%| F|  |TAMS 0x00000000fce00000, 0x00000000fce00000| Untracked 
|  15|0x00000000fcf00000, 0x00000000fcf00000, 0x00000000fd000000|  0%| F|  |TAMS 0x00000000fcf00000, 0x00000000fcf00000| Untracked 
|  16|0x00000000fd000000, 0x00000000fd000000, 0x00000000fd100000|  0%| F|  |TAMS 0x00000000fd000000, 0x00000000fd000000| Untracked 
|  17|0x00000000fd100000, 0x00000000fd100000, 0x00000000fd200000|  0%| F|  |TAMS 0x00000000fd100000, 0x00000000fd100000| Untracked 
|  18|0x00000000fd200000, 0x00000000fd200000, 0x00000000fd300000|  0%| F|  |TAMS 0x00000000fd200000, 0x00000000fd200000| Untracked 
|  19|0x00000000fd300000, 0x00000000fd300000, 0x00000000fd400000|  0%| F|  |TAMS 0x00000000fd300000, 0x00000000fd300000| Untracked 
|  20|0x00000000fd400000, 0x00000000fd400000, 0x00000000fd500000|  0%| F|  |TAMS 0x00000000fd400000, 0x00000000fd400000| Untracked 
|  21|0x00000000fd500000, 0x00000000fd500000, 0x00000000fd600000|  0%| F|  |TAMS 0x00000000fd500000, 0x00000000fd500000| Untracked 
|  22|0x00000000fd600000, 0x00000000fd600000, 0x00000000fd700000|  0%| F|  |TAMS 0x00000000fd600000, 0x00000000fd600000| Untracked 
|  23|0x00000000fd700000, 0x00000000fd700000, 0x00000000fd800000|  0%| F|  |TAMS 0x00000000fd700000, 0x00000000fd700000| Untracked 
|  24|0x00000000fd800000, 0x00000000fd800000, 0x00000000fd900000|  0%| F|  |TAMS 0x00000000fd800000, 0x00000000fd800000| Untracked 
|  25|0x00000000fd900000, 0x00000000fd900000, 0x00000000fda00000|  0%| F|  |TAMS 0x00000000fd900000, 0x00000000fd900000| Untracked 
|  26|0x00000000fda00000, 0x00000000fda00000, 0x00000000fdb00000|  0%| F|  |TAMS 0x00000000fda00000, 0x00000000fda00000| Untracked 
|  27|0x00000000fdb00000, 0x00000000fdb00000, 0x00000000fdc00000|  0%| F|  |TAMS 0x00000000fdb00000, 0x00000000fdb00000| Untracked 
|  28|0x00000000fdc00000, 0x00000000fdc00000, 0x00000000fdd00000|  0%| F|  |TAMS 0x00000000fdc00000, 0x00000000fdc00000| Untracked 
|  29|0x00000000fdd00000, 0x00000000fdd00000, 0x00000000fde00000|  0%| F|  |TAMS 0x00000000fdd00000, 0x00000000fdd00000| Untracked 
|  30|0x00000000fde00000, 0x00000000fde00000, 0x00000000fdf00000|  0%| F|  |TAMS 0x00000000fde00000, 0x00000000fde00000| Untracked 
|  31|0x00000000fdf00000, 0x00000000fdf00000, 0x00000000fe000000|  0%| F|  |TAMS 0x00000000fdf00000, 0x00000000fdf00000| Untracked 
|  32|0x00000000fe000000, 0x00000000fe000000, 0x00000000fe100000|  0%| F|  |TAMS 0x00000000fe000000, 0x00000000fe000000| Untracked 
|  33|0x00000000fe100000, 0x00000000fe100000, 0x00000000fe200000|  0%| F|  |TAMS 0x00000000fe100000, 0x00000000fe100000| Untracked 
|  34|0x00000000fe200000, 0x00000000fe200000, 0x00000000fe300000|  0%| F|  |TAMS 0x00000000fe200000, 0x00000000fe200000| Untracked 
|  35|0x00000000fe300000, 0x00000000fe300000, 0x00000000fe400000|  0%| F|  |TAMS 0x00000000fe300000, 0x00000000fe300000| Untracked 
|  36|0x00000000fe400000, 0x00000000fe400000, 0x00000000fe500000|  0%| F|  |TAMS 0x00000000fe400000, 0x00000000fe400000| Untracked 
|  37|0x00000000fe500000, 0x00000000fe500000, 0x00000000fe600000|  0%| F|  |TAMS 0x00000000fe500000, 0x00000000fe500000| Untracked 
|  38|0x00000000fe600000, 0x00000000fe69d880, 0x00000000fe700000| 61%| S|CS|TAMS 0x00000000fe600000, 0x00000000fe600000| Complete 
|  39|0x00000000fe700000, 0x00000000fe800000, 0x00000000fe800000|100%| S|CS|TAMS 0x00000000fe700000, 0x00000000fe700000| Complete 
|  40|0x00000000fe800000, 0x00000000fe900000, 0x00000000fe900000|100%| S|CS|TAMS 0x00000000fe800000, 0x00000000fe800000| Complete 
|  41|0x00000000fe900000, 0x00000000fe900000, 0x00000000fea00000|  0%| F|  |TAMS 0x00000000fe900000, 0x00000000fe900000| Untracked 
|  42|0x00000000fea00000, 0x00000000fea00000, 0x00000000feb00000|  0%| F|  |TAMS 0x00000000fea00000, 0x00000000fea00000| Untracked 
|  43|0x00000000feb00000, 0x00000000feb00000, 0x00000000fec00000|  0%| F|  |TAMS 0x00000000feb00000, 0x00000000feb00000| Untracked 
|  44|0x00000000fec00000, 0x00000000fec00000, 0x00000000fed00000|  0%| F|  |TAMS 0x00000000fec00000, 0x00000000fec00000| Untracked 
|  45|0x00000000fed00000, 0x00000000fed00000, 0x00000000fee00000|  0%| F|  |TAMS 0x00000000fed00000, 0x00000000fed00000| Untracked 
|  46|0x00000000fee00000, 0x00000000fee00000, 0x00000000fef00000|  0%| F|  |TAMS 0x00000000fee00000, 0x00000000fee00000| Untracked 
|  47|0x00000000fef00000, 0x00000000fef00000, 0x00000000ff000000|  0%| F|  |TAMS 0x00000000fef00000, 0x00000000fef00000| Untracked 
|  48|0x00000000ff000000, 0x00000000ff000000, 0x00000000ff100000|  0%| F|  |TAMS 0x00000000ff000000, 0x00000000ff000000| Untracked 
|  49|0x00000000ff100000, 0x00000000ff100000, 0x00000000ff200000|  0%| F|  |TAMS 0x00000000ff100000, 0x00000000ff100000| Untracked 
|  50|0x00000000ff200000, 0x00000000ff200000, 0x00000000ff300000|  0%| F|  |TAMS 0x00000000ff200000, 0x00000000ff200000| Untracked 
|  51|0x00000000ff300000, 0x00000000ff300000, 0x00000000ff400000|  0%| F|  |TAMS 0x00000000ff300000, 0x00000000ff300000| Untracked 
|  52|0x00000000ff400000, 0x00000000ff400000, 0x00000000ff500000|  0%| F|  |TAMS 0x00000000ff400000, 0x00000000ff400000| Untracked 
|  53|0x00000000ff500000, 0x00000000ff52e960, 0x00000000ff600000| 18%| E|  |TAMS 0x00000000ff500000, 0x00000000ff500000| Complete 
|  54|0x00000000ff600000, 0x00000000ff700000, 0x00000000ff700000|100%| E|CS|TAMS 0x00000000ff600000, 0x00000000ff600000| Complete 
|  55|0x00000000ff700000, 0x00000000ff800000, 0x00000000ff800000|100%| E|CS|TAMS 0x00000000ff700000, 0x00000000ff700000| Complete 
|  56|0x00000000ff800000, 0x00000000ff900000, 0x00000000ff900000|100%| E|CS|TAMS 0x00000000ff800000, 0x00000000ff800000| Complete 
|  57|0x00000000ff900000, 0x00000000ffa00000, 0x00000000ffa00000|100%| E|CS|TAMS 0x00000000ff900000, 0x00000000ff900000| Complete 
|  58|0x00000000ffa00000, 0x00000000ffb00000, 0x00000000ffb00000|100%| E|CS|TAMS 0x00000000ffa00000, 0x00000000ffa00000| Complete 
|  59|0x00000000ffb00000, 0x00000000ffc00000, 0x00000000ffc00000|100%| E|CS|TAMS 0x00000000ffb00000, 0x00000000ffb00000| Complete 
|  60|0x00000000ffc00000, 0x00000000ffd00000, 0x00000000ffd00000|100%| E|CS|TAMS 0x00000000ffc00000, 0x00000000ffc00000| Complete 
|  61|0x00000000ffd00000, 0x00000000ffe00000, 0x00000000ffe00000|100%| E|CS|TAMS 0x00000000ffd00000, 0x00000000ffd00000| Complete 
|  62|0x00000000ffe00000, 0x00000000fff00000, 0x00000000fff00000|100%| E|CS|TAMS 0x00000000ffe00000, 0x00000000ffe00000| Complete 
|  63|0x00000000fff00000, 0x0000000100000000, 0x0000000100000000|100%| E|CS|TAMS 0x00000000fff00000, 0x00000000fff00000| Complete 

Card table byte_map: [0x000001dd14f10000,0x000001dd14f30000] _byte_map_base: 0x000001dd14730000

Marking Bits (Prev, Next): (CMBitMap*) 0x000001dd150e4180, (CMBitMap*) 0x000001dd150e41c0
 Prev Bits: [0x000001dd14f50000, 0x000001dd15050000)
 Next Bits: [0x000001dd2b990000, 0x000001dd2ba90000)

Polling page: 0x000001dd148a0000

Metaspace:

Usage:
  Non-class:      9.12 MB used.
      Class:      1.34 MB used.
       Both:     10.46 MB used.

Virtual space:
  Non-class space:       64.00 MB reserved,       9.25 MB ( 14%) committed,  1 nodes.
      Class space:        1.00 GB reserved,       1.44 MB ( <1%) committed,  1 nodes.
             Both:        1.06 GB reserved,      10.69 MB ( <1%) committed. 

Chunk freelists:
   Non-Class:  6.20 MB
       Class:  14.54 MB
        Both:  20.74 MB

MaxMetaspaceSize: unlimited
CompressedClassSpaceSize: 1.00 GB
Initial GC threshold: 21.00 MB
Current GC threshold: 21.00 MB
CDS: on
MetaspaceReclaimPolicy: balanced
 - commit_granule_bytes: 65536.
 - commit_granule_words: 8192.
 - virtual_space_node_default_size: 8388608.
 - enlarge_chunks_in_place: 1.
 - new_chunks_are_fully_committed: 0.
 - uncommit_free_chunks: 1.
 - use_allocation_guard: 0.
 - handle_deallocations: 1.


Internal statistics:

num_allocs_failed_limit: 0.
num_arena_births: 98.
num_arena_deaths: 0.
num_vsnodes_births: 2.
num_vsnodes_deaths: 0.
num_space_committed: 171.
num_space_uncommitted: 0.
num_chunks_returned_to_freelist: 0.
num_chunks_taken_from_freelist: 382.
num_chunk_merges: 0.
num_chunk_splits: 260.
num_chunks_enlarged: 210.
num_inconsistent_stats: 0.

CodeHeap 'non-profiled nmethods': size=120000Kb used=949Kb max_used=949Kb free=119050Kb
 bounds [0x000001dd24460000, 0x000001dd246d0000, 0x000001dd2b990000]
CodeHeap 'profiled nmethods': size=120000Kb used=3947Kb max_used=3947Kb free=116052Kb
 bounds [0x000001dd1c990000, 0x000001dd1cd70000, 0x000001dd23ec0000]
CodeHeap 'non-nmethods': size=5760Kb used=1191Kb max_used=1218Kb free=4568Kb
 bounds [0x000001dd23ec0000, 0x000001dd24130000, 0x000001dd24460000]
 total_blobs=2568 nmethods=2076 adapters=405
 compilation: enabled
              stopped_count=0, restarted_count=0
 full_count=0

Compilation events (20 events):
Event: 144.057 Thread 0x000001dd6f106b70 nmethod 2064 0x000001dd1cd67210 code [0x000001dd1cd67400, 0x000001dd1cd67808]
Event: 144.059 Thread 0x000001dd6f106b70 2067       3       sun.invoke.util.VerifyAccess::isMemberAccessible (338 bytes)
Event: 144.061 Thread 0x000001dd6f106b70 nmethod 2067 0x000001dd1cd67a10 code [0x000001dd1cd67da0, 0x000001dd1cd69148]
Event: 144.061 Thread 0x000001dd6f106b70 2069       3       java.net.URI::match (56 bytes)
Event: 144.062 Thread 0x000001dd6f106b70 nmethod 2069 0x000001dd1cd69690 code [0x000001dd1cd69840, 0x000001dd1cd69b38]
Event: 144.062 Thread 0x000001dd6f106b70 2068       3       java.lang.invoke.MethodType::changeReturnType (20 bytes)
Event: 144.062 Thread 0x000001dd6f106b70 nmethod 2068 0x000001dd1cd69c10 code [0x000001dd1cd69dc0, 0x000001dd1cd69f88]
Event: 144.063 Thread 0x000001dd6f106b70 2070       1       java.net.InetAddress::holder (5 bytes)
Event: 144.063 Thread 0x000001dd6f106b70 nmethod 2070 0x000001dd24549d90 code [0x000001dd24549f20, 0x000001dd24549ff8]
Event: 144.080 Thread 0x000001dd6f106b70 2077       1       java.lang.invoke.MethodHandleImpl::isCompileConstant (2 bytes)
Event: 144.080 Thread 0x000001dd6f106b70 nmethod 2077 0x000001dd2454a690 code [0x000001dd2454a820, 0x000001dd2454a8d8]
Event: 144.080 Thread 0x000001dd6f106b70 2078       3       java.lang.invoke.MemberName::isCallerSensitive (8 bytes)
Event: 144.081 Thread 0x000001dd6f106b70 nmethod 2078 0x000001dd1cd6a010 code [0x000001dd1cd6a1c0, 0x000001dd1cd6a3f8]
Event: 144.084 Thread 0x000001dd6f106b70 2079       3       org.gradle.internal.logging.text.AbstractLineChoppingStyledTextOutput::doAppend (43 bytes)
Event: 144.085 Thread 0x000001dd6f106b70 nmethod 2079 0x000001dd1cd6a510 code [0x000001dd1cd6a700, 0x000001dd1cd6abe8]
Event: 144.111 Thread 0x000001dd74057a90 2072       4       org.gradle.internal.logging.text.AbstractLineChoppingStyledTextOutput$StateContext::isCurrentCharEquals (70 bytes)
Event: 144.114 Thread 0x000001dd74057a90 nmethod 2072 0x000001dd2454a990 code [0x000001dd2454ab20, 0x000001dd2454ac68]
Event: 144.114 Thread 0x000001dd74057a90 2073       4       org.gradle.internal.logging.text.AbstractLineChoppingStyledTextOutput$StateContext::hasChar (25 bytes)
Event: 144.115 Thread 0x000001dd74057a90 nmethod 2073 0x000001dd2454ae10 code [0x000001dd2454af80, 0x000001dd2454b018]
Event: 144.115 Thread 0x000001dd74057a90 2074       4       org.gradle.internal.logging.text.AbstractLineChoppingStyledTextOutput$1::execute (140 bytes)

GC Heap History (6 events):
Event: 0.657 GC heap before
{Heap before GC invocations=0 (full 0):
 garbage-first heap   total 65536K, used 12288K [0x00000000fc000000, 0x0000000100000000)
  region size 1024K, 13 young (13312K), 0 survivors (0K)
 Metaspace       used 1820K, committed 1920K, reserved 1114112K
  class space    used 168K, committed 192K, reserved 1048576K
}
Event: 0.663 GC heap after
{Heap after GC invocations=1 (full 0):
 garbage-first heap   total 65536K, used 2128K [0x00000000fc000000, 0x0000000100000000)
  region size 1024K, 2 young (2048K), 2 survivors (2048K)
 Metaspace       used 1820K, committed 1920K, reserved 1114112K
  class space    used 168K, committed 192K, reserved 1048576K
}
Event: 1.405 GC heap before
{Heap before GC invocations=1 (full 0):
 garbage-first heap   total 65536K, used 21584K [0x00000000fc000000, 0x0000000100000000)
  region size 1024K, 18 young (18432K), 2 survivors (2048K)
 Metaspace       used 4981K, committed 5184K, reserved 1114112K
  class space    used 658K, committed 768K, reserved 1048576K
}
Event: 1.412 GC heap after
{Heap after GC invocations=2 (full 0):
 garbage-first heap   total 65536K, used 11120K [0x00000000fc000000, 0x0000000100000000)
  region size 1024K, 3 young (3072K), 3 survivors (3072K)
 Metaspace       used 4981K, committed 5184K, reserved 1114112K
  class space    used 658K, committed 768K, reserved 1048576K
}
Event: 7.243 GC heap before
{Heap before GC invocations=2 (full 0):
 garbage-first heap   total 65536K, used 31600K [0x00000000fc000000, 0x0000000100000000)
  region size 1024K, 23 young (23552K), 3 survivors (3072K)
 Metaspace       used 9926K, committed 10112K, reserved 1114112K
  class space    used 1306K, committed 1344K, reserved 1048576K
}
Event: 7.250 GC heap after
{Heap after GC invocations=3 (full 0):
 garbage-first heap   total 65536K, used 13739K [0x00000000fc000000, 0x0000000100000000)
  region size 1024K, 3 young (3072K), 3 survivors (3072K)
 Metaspace       used 9926K, committed 10112K, reserved 1114112K
  class space    used 1306K, committed 1344K, reserved 1048576K
}

Deoptimization events (20 events):
Event: 144.061 Thread 0x000001dd150c3cf0 Uncommon trap: trap_request=0xffffff45 fr.pc=0x000001dd2451bbb8 relative=0x0000000000000138
Event: 144.061 Thread 0x000001dd150c3cf0 Uncommon trap: reason=unstable_if action=reinterpret pc=0x000001dd2451bbb8 method=java.util.concurrent.locks.ReentrantLock$NonfairSync.initialTryLock()Z @ 10 c2
Event: 144.061 Thread 0x000001dd150c3cf0 DEOPT PACKING pc=0x000001dd2451bbb8 sp=0x0000008b174fc400
Event: 144.061 Thread 0x000001dd150c3cf0 DEOPT UNPACKING pc=0x000001dd23f123a3 sp=0x0000008b174fc3a8 mode 2
Event: 144.061 Thread 0x000001dd150c3cf0 Uncommon trap: trap_request=0xffffff45 fr.pc=0x000001dd24512c3c relative=0x00000000000000bc
Event: 144.061 Thread 0x000001dd150c3cf0 Uncommon trap: reason=unstable_if action=reinterpret pc=0x000001dd24512c3c method=java.util.concurrent.locks.ReentrantLock$Sync.tryRelease(I)Z @ 26 c2
Event: 144.061 Thread 0x000001dd150c3cf0 DEOPT PACKING pc=0x000001dd24512c3c sp=0x0000008b174fc400
Event: 144.061 Thread 0x000001dd150c3cf0 DEOPT UNPACKING pc=0x000001dd23f123a3 sp=0x0000008b174fc3a0 mode 2
Event: 144.066 Thread 0x000001dd150c3cf0 Uncommon trap: trap_request=0xffffff45 fr.pc=0x000001dd245138a4 relative=0x0000000000000904
Event: 144.066 Thread 0x000001dd150c3cf0 Uncommon trap: reason=unstable_if action=reinterpret pc=0x000001dd245138a4 method=org.gradle.internal.logging.console.ThrottlingOutputEventListener.onOutput(Lorg/gradle/internal/logging/events/OutputEvent;)V @ 51 c2
Event: 144.066 Thread 0x000001dd150c3cf0 DEOPT PACKING pc=0x000001dd245138a4 sp=0x0000008b174fc7b0
Event: 144.066 Thread 0x000001dd150c3cf0 DEOPT UNPACKING pc=0x000001dd23f123a3 sp=0x0000008b174fc770 mode 2
Event: 144.070 Thread 0x000001dd150c3cf0 Uncommon trap: trap_request=0xffffffde fr.pc=0x000001dd2451501c relative=0x0000000000000adc
Event: 144.070 Thread 0x000001dd150c3cf0 Uncommon trap: reason=class_check action=maybe_recompile pc=0x000001dd2451501c method=org.gradle.internal.logging.sink.GroupingProgressLogEventGenerator.onOutput(Lorg/gradle/internal/logging/events/OutputEvent;)V @ 91 c2
Event: 144.070 Thread 0x000001dd150c3cf0 DEOPT PACKING pc=0x000001dd2451501c sp=0x0000008b174fc670
Event: 144.070 Thread 0x000001dd150c3cf0 DEOPT UNPACKING pc=0x000001dd23f123a3 sp=0x0000008b174fc508 mode 2
Event: 144.085 Thread 0x000001dd150c3cf0 Uncommon trap: trap_request=0xffffff45 fr.pc=0x000001dd2451499c relative=0x000000000000045c
Event: 144.085 Thread 0x000001dd150c3cf0 Uncommon trap: reason=unstable_if action=reinterpret pc=0x000001dd2451499c method=org.gradle.internal.logging.console.WorkInProgressRenderer.onOutput(Lorg/gradle/internal/logging/events/OutputEvent;)V @ 29 c2
Event: 144.085 Thread 0x000001dd150c3cf0 DEOPT PACKING pc=0x000001dd2451499c sp=0x0000008b174fccf0
Event: 144.085 Thread 0x000001dd150c3cf0 DEOPT UNPACKING pc=0x000001dd23f123a3 sp=0x0000008b174fcc60 mode 2

Classes unloaded (0 events):
No events

Classes redefined (0 events):
No events

Internal exceptions (20 events):
Event: 1.487 Thread 0x000001dd150c3cf0 Exception <a 'java/lang/NoSuchMethodError'{0x00000000ffdab688}: 'void java.lang.invoke.DirectMethodHandle$Holder.invokeSpecial(java.lang.Object, java.lang.Object, java.lang.Object)'> (0x00000000ffdab688) 
thrown [s\open\src\hotspot\share\interpreter\linkResolver.cpp, line 759]
Event: 1.508 Thread 0x000001dd150c3cf0 Implicit null exception at 0x000001dd244bc88a to 0x000001dd244bcdc0
Event: 1.508 Thread 0x000001dd150c3cf0 Implicit null exception at 0x000001dd244bb70f to 0x000001dd244bbc50
Event: 1.542 Thread 0x000001dd150c3cf0 Exception <a 'java/lang/NoSuchMethodError'{0x00000000ffb09548}: 'java.lang.Object java.lang.invoke.DirectMethodHandle$Holder.invokeStaticInit(java.lang.Object)'> (0x00000000ffb09548) 
thrown [s\open\src\hotspot\share\interpreter\linkResolver.cpp, line 759]
Event: 1.587 Thread 0x000001dd150c3cf0 Exception <a 'java/lang/NoSuchMethodError'{0x00000000ffba39b0}: 'int java.lang.invoke.DirectMethodHandle$Holder.invokeVirtual(java.lang.Object, java.lang.Object, java.lang.Object)'> (0x00000000ffba39b0) 
thrown [s\open\src\hotspot\share\interpreter\linkResolver.cpp, line 759]
Event: 1.596 Thread 0x000001dd150c3cf0 Exception <a 'java/lang/NoSuchMethodError'{0x00000000ffbe70b8}: 'java.lang.Object java.lang.invoke.DirectMethodHandle$Holder.invokeVirtual(java.lang.Object, java.lang.Object, java.lang.Object)'> (0x00000000ffbe70b8) 
thrown [s\open\src\hotspot\share\interpreter\linkResolver.cpp, line 759]
Event: 1.682 Thread 0x000001dd150c3cf0 Exception <a 'java/lang/NoSuchMethodError'{0x00000000ff75dcc0}: 'java.lang.Object java.lang.invoke.DirectMethodHandle$Holder.invokeStaticInit(java.lang.Object, int, int, int, int)'> (0x00000000ff75dcc0) 
thrown [s\open\src\hotspot\share\interpreter\linkResolver.cpp, line 759]
Event: 1.766 Thread 0x000001dd150c3cf0 Exception <a 'java/lang/NoSuchMethodError'{0x00000000ff637e80}: 'java.lang.Object java.lang.invoke.DirectMethodHandle$Holder.invokeStaticInit(java.lang.Object, java.lang.Object, int, int, int, int)'> (0x00000000ff637e80) 
thrown [s\open\src\hotspot\share\interpreter\linkResolver.cpp, line 759]
Event: 2.023 Thread 0x000001dd150c3cf0 Exception <a 'java/lang/NoSuchMethodError'{0x00000000ff666e70}: 'void java.lang.invoke.DirectMethodHandle$Holder.invokeStatic(java.lang.Object, java.lang.Object, java.lang.Object)'> (0x00000000ff666e70) 
thrown [s\open\src\hotspot\share\interpreter\linkResolver.cpp, line 759]
Event: 2.046 Thread 0x000001dd150c3cf0 Implicit null exception at 0x000001dd24497872 to 0x000001dd24497e48
Event: 2.046 Thread 0x000001dd150c3cf0 Implicit null exception at 0x000001dd244a34f2 to 0x000001dd244a3ad8
Event: 2.332 Thread 0x000001dd7408c020 Exception <a 'java/lang/NoSuchMethodError'{0x00000000fefd8358}: 'void java.lang.invoke.DirectMethodHandle$Holder.invokeStatic(java.lang.Object, long)'> (0x00000000fefd8358) 
thrown [s\open\src\hotspot\share\interpreter\linkResolver.cpp, line 759]
Event: 2.333 Thread 0x000001dd7408c020 Exception <a 'java/lang/NoSuchMethodError'{0x00000000fefddcb0}: 'java.lang.Object java.lang.invoke.DirectMethodHandle$Holder.newInvokeSpecial(java.lang.Object, long)'> (0x00000000fefddcb0) 
thrown [s\open\src\hotspot\share\interpreter\linkResolver.cpp, line 759]
Event: 2.337 Thread 0x000001dd7408c020 Exception <a 'java/lang/NoSuchMethodError'{0x00000000fefe8858}: 'java.lang.Object java.lang.invoke.DirectMethodHandle$Holder.invokeStaticInit(java.lang.Object, java.lang.Object, long, java.lang.Object)'> (0x00000000fefe8858) 
thrown [s\open\src\hotspot\share\interpreter\linkResolver.cpp, line 759]
Event: 2.339 Thread 0x000001dd7408c020 Exception <a 'java/lang/NoSuchMethodError'{0x00000000fefeeee0}: 'java.lang.Object java.lang.invoke.DirectMethodHandle$Holder.newInvokeSpecial(java.lang.Object, java.lang.Object, long)'> (0x00000000fefeeee0) 
thrown [s\open\src\hotspot\share\interpreter\linkResolver.cpp, line 759]
Event: 2.341 Thread 0x000001dd7408c020 Exception <a 'java/lang/NoSuchMethodError'{0x00000000feff31d0}: 'java.lang.Object java.lang.invoke.Invokers$Holder.linkToTargetMethod(java.lang.Object, long, java.lang.Object)'> (0x00000000feff31d0) 
thrown [s\open\src\hotspot\share\interpreter\linkResolver.cpp, line 759]
Event: 144.049 Thread 0x000001dd150c3cf0 Exception <a 'sun/net/ConnectionResetException'{0x00000000ff796510}: Connection reset> (0x00000000ff796510) 
thrown [s\open\src\hotspot\share\prims\jni.cpp, line 535]
Event: 144.057 Thread 0x000001dd150c3cf0 Exception <a 'java/lang/NoSuchMethodError'{0x00000000ff62e0a8}: 'int java.lang.invoke.DirectMethodHandle$Holder.invokeVirtual(java.lang.Object, java.lang.Object)'> (0x00000000ff62e0a8) 
thrown [s\open\src\hotspot\share\interpreter\linkResolver.cpp, line 759]
Event: 144.062 Thread 0x000001dd74080030 Exception <a 'java/io/IOException'{0x00000000ff681cb0}: Connection reset by peer> (0x00000000ff681cb0) 
thrown [s\open\src\hotspot\share\prims\jni.cpp, line 535]
Event: 144.079 Thread 0x000001dd150c3cf0 Exception <a 'java/lang/NoSuchMethodError'{0x00000000ff67d100}: 'void java.lang.invoke.DirectMethodHandle$Holder.invokeStatic(java.lang.Object, int, java.lang.Object)'> (0x00000000ff67d100) 
thrown [s\open\src\hotspot\share\interpreter\linkResolver.cpp, line 759]

VM Operations (20 events):
Event: 75.225 Executing VM operation: Cleanup
Event: 75.226 Executing VM operation: Cleanup done
Event: 82.295 Executing VM operation: Cleanup
Event: 82.295 Executing VM operation: Cleanup done
Event: 87.349 Executing VM operation: Cleanup
Event: 87.349 Executing VM operation: Cleanup done
Event: 90.365 Executing VM operation: Cleanup
Event: 90.366 Executing VM operation: Cleanup done
Event: 93.390 Executing VM operation: Cleanup
Event: 93.390 Executing VM operation: Cleanup done
Event: 94.401 Executing VM operation: Cleanup
Event: 94.401 Executing VM operation: Cleanup done
Event: 104.508 Executing VM operation: Cleanup
Event: 104.508 Executing VM operation: Cleanup done
Event: 114.607 Executing VM operation: Cleanup
Event: 114.607 Executing VM operation: Cleanup done
Event: 120.277 Executing VM operation: HandshakeAllThreads
Event: 120.278 Executing VM operation: HandshakeAllThreads done
Event: 131.405 Executing VM operation: Cleanup
Event: 131.405 Executing VM operation: Cleanup done

Events (20 events):
Event: 26.828 loading class java/io/ObjectInputFilter$Config$BuiltinFilterFactory done
Event: 26.828 loading class jdk/internal/access/JavaObjectInputFilterAccess
Event: 26.828 loading class jdk/internal/access/JavaObjectInputFilterAccess done
Event: 26.830 loading class java/lang/System$Logger$Level
Event: 26.830 loading class java/lang/System$Logger$Level done
Event: 26.830 loading class java/io/Bits
Event: 26.830 loading class java/io/Bits done
Event: 53.853 loading class jdk/internal/misc/ScopedMemoryAccess$Scope
Event: 53.854 loading class jdk/internal/misc/ScopedMemoryAccess$Scope done
Event: 69.221 loading class jdk/internal/misc/ScopedMemoryAccess$Scope$Handle
Event: 69.221 loading class jdk/internal/misc/ScopedMemoryAccess$Scope$Handle done
Event: 144.049 loading class sun/net/ConnectionResetException
Event: 144.049 loading class sun/net/ConnectionResetException done
Event: 144.063 Thread 0x000001dd74080030 Thread exited: 0x000001dd74080030
Event: 144.065 loading class java/util/concurrent/ConcurrentLinkedQueue$Itr
Event: 144.065 loading class java/util/concurrent/ConcurrentLinkedQueue$Itr done
Event: 144.080 Thread 0x000001dd74057a90 Thread added: 0x000001dd74057a90
Event: 144.112 Thread 0x000001dd74080030 Thread added: 0x000001dd74080030
Event: 144.113 Thread 0x000001dd74886870 Thread added: 0x000001dd74886870
Event: 144.113 Thread 0x000001dd748ae8a0 Thread exited: 0x000001dd748ae8a0


Dynamic libraries:
0x00007ff683780000 - 0x00007ff683790000 	C:\Program Files\Java\jdk-17\bin\java.exe
0x00007ffbe0710000 - 0x00007ffbe0908000 	C:\WINDOWS\SYSTEM32\ntdll.dll
0x00007ffbdf9a0000 - 0x00007ffbdfa5d000 	C:\WINDOWS\System32\KERNEL32.DLL
0x00007ffbdde30000 - 0x00007ffbde0fe000 	C:\WINDOWS\System32\KERNELBASE.dll
0x00007ffbde130000 - 0x00007ffbde230000 	C:\WINDOWS\System32\ucrtbase.dll
0x00007ffbd9650000 - 0x00007ffbd966b000 	C:\Program Files\Java\jdk-17\bin\VCRUNTIME140.dll
0x00007ffbd5a50000 - 0x00007ffbd5a69000 	C:\Program Files\Java\jdk-17\bin\jli.dll
0x00007ffbdeb80000 - 0x00007ffbdec2e000 	C:\WINDOWS\System32\ADVAPI32.dll
0x00007ffbdfbb0000 - 0x00007ffbdfc4e000 	C:\WINDOWS\System32\msvcrt.dll
0x00007ffbdeff0000 - 0x00007ffbdf08c000 	C:\WINDOWS\System32\sechost.dll
0x00007ffbdec30000 - 0x00007ffbded55000 	C:\WINDOWS\System32\RPCRT4.dll
0x00007ffbdf590000 - 0x00007ffbdf730000 	C:\WINDOWS\System32\USER32.dll
0x00007ffbc6970000 - 0x00007ffbc6c0a000 	C:\WINDOWS\WinSxS\amd64_microsoft.windows.common-controls_6595b64144ccf1df_6.0.19041.1110_none_60b5254171f9507e\COMCTL32.dll
0x00007ffbe04a0000 - 0x00007ffbe04ca000 	C:\WINDOWS\System32\GDI32.dll
0x00007ffbde230000 - 0x00007ffbde33b000 	C:\WINDOWS\System32\gdi32full.dll
0x00007ffbde6d0000 - 0x00007ffbde76d000 	C:\WINDOWS\System32\msvcp_win.dll
0x00007ffbde100000 - 0x00007ffbde122000 	C:\WINDOWS\System32\win32u.dll
0x00007ffbd84b0000 - 0x00007ffbd84ba000 	C:\WINDOWS\SYSTEM32\VERSION.dll
0x00007ffbded60000 - 0x00007ffbded90000 	C:\WINDOWS\System32\IMM32.DLL
0x00007ffbd96b0000 - 0x00007ffbd96bc000 	C:\Program Files\Java\jdk-17\bin\vcruntime140_1.dll
0x00007ffbd5590000 - 0x00007ffbd561e000 	C:\Program Files\Java\jdk-17\bin\msvcp140.dll
0x00007ffb98f40000 - 0x00007ffb99b20000 	C:\Program Files\Java\jdk-17\bin\server\jvm.dll
0x00007ffbdf580000 - 0x00007ffbdf588000 	C:\WINDOWS\System32\PSAPI.DLL
0x00007ffbc8d50000 - 0x00007ffbc8d59000 	C:\WINDOWS\SYSTEM32\WSOCK32.dll
0x00007ffbe0660000 - 0x00007ffbe06cb000 	C:\WINDOWS\System32\WS2_32.dll
0x00007ffbc8e80000 - 0x00007ffbc8ea7000 	C:\WINDOWS\SYSTEM32\WINMM.dll
0x00007ffbdc6b0000 - 0x00007ffbdc6c2000 	C:\WINDOWS\SYSTEM32\kernel.appcore.dll
0x00007ffbd7580000 - 0x00007ffbd758a000 	C:\Program Files\Java\jdk-17\bin\jimage.dll
0x00007ffbb8db0000 - 0x00007ffbb8f94000 	C:\WINDOWS\SYSTEM32\DBGHELP.DLL
0x00007ffbb8d80000 - 0x00007ffbb8dac000 	C:\WINDOWS\SYSTEM32\dbgcore.DLL
0x00007ffbde340000 - 0x00007ffbde3c2000 	C:\WINDOWS\System32\bcryptPrimitives.dll
0x00007ffbd5a20000 - 0x00007ffbd5a45000 	C:\Program Files\Java\jdk-17\bin\java.dll
0x00007ffb9a090000 - 0x00007ffb9a167000 	C:\Program Files\Java\jdk-17\bin\jsvml.dll
0x00007ffbdfc80000 - 0x00007ffbe03c3000 	C:\WINDOWS\System32\SHELL32.dll
0x00007ffbdbf00000 - 0x00007ffbdc695000 	C:\WINDOWS\SYSTEM32\windows.storage.dll
0x00007ffbde820000 - 0x00007ffbdeb74000 	C:\WINDOWS\System32\combase.dll
0x00007ffbdd890000 - 0x00007ffbdd8c0000 	C:\WINDOWS\SYSTEM32\Wldp.dll
0x00007ffbded90000 - 0x00007ffbdee3d000 	C:\WINDOWS\System32\SHCORE.dll
0x00007ffbdfb50000 - 0x00007ffbdfba5000 	C:\WINDOWS\System32\shlwapi.dll
0x00007ffbddd70000 - 0x00007ffbddd8f000 	C:\WINDOWS\SYSTEM32\profapi.dll
0x00007ffbd0c40000 - 0x00007ffbd0c59000 	C:\Program Files\Java\jdk-17\bin\net.dll
0x00007ffbd1ec0000 - 0x00007ffbd1fca000 	C:\WINDOWS\SYSTEM32\WINHTTP.dll
0x00007ffbdd5f0000 - 0x00007ffbdd65a000 	C:\WINDOWS\system32\mswsock.dll
0x00007ffbd07a0000 - 0x00007ffbd07b6000 	C:\Program Files\Java\jdk-17\bin\nio.dll
0x00007ffbd54b0000 - 0x00007ffbd54c8000 	C:\Program Files\Java\jdk-17\bin\zip.dll
0x00007ffbd7450000 - 0x00007ffbd7460000 	C:\Program Files\Java\jdk-17\bin\verify.dll
0x00007ffb59db0000 - 0x00007ffb59dd7000 	C:\Users\Kolitha\.gradle\native\c067742578af261105cb4f569cf0c3c89f3d7b1fecec35dd04571415982c5e48\windows-amd64\native-platform.dll
0x00007ffbd97e0000 - 0x00007ffbd97ea000 	C:\Users\Kolitha\.gradle\native\jansi\1.18\windows64\jansi.dll
0x00007ffbd6ed0000 - 0x00007ffbd6eda000 	C:\Program Files\Java\jdk-17\bin\management.dll
0x00007ffbd67c0000 - 0x00007ffbd67cb000 	C:\Program Files\Java\jdk-17\bin\management_ext.dll
0x00007ffbdd7e0000 - 0x00007ffbdd7f8000 	C:\WINDOWS\SYSTEM32\CRYPTSP.dll
0x00007ffbdcf00000 - 0x00007ffbdcf34000 	C:\WINDOWS\system32\rsaenh.dll
0x00007ffbde6a0000 - 0x00007ffbde6c7000 	C:\WINDOWS\System32\bcrypt.dll
0x00007ffbddd30000 - 0x00007ffbddd5e000 	C:\WINDOWS\SYSTEM32\USERENV.dll
0x00007ffbdd800000 - 0x00007ffbdd80c000 	C:\WINDOWS\SYSTEM32\CRYPTBASE.dll
0x00007ffbdd290000 - 0x00007ffbdd2cb000 	C:\WINDOWS\SYSTEM32\IPHLPAPI.DLL
0x00007ffbe05f0000 - 0x00007ffbe05f8000 	C:\WINDOWS\System32\NSI.dll
0x00007ffbd1da0000 - 0x00007ffbd1db7000 	C:\WINDOWS\SYSTEM32\dhcpcsvc6.DLL
0x00007ffbd26c0000 - 0x00007ffbd26dd000 	C:\WINDOWS\SYSTEM32\dhcpcsvc.DLL
0x00007ffbdd2e0000 - 0x00007ffbdd3aa000 	C:\WINDOWS\SYSTEM32\DNSAPI.dll
0x00007ffbd5bc0000 - 0x00007ffbd5bce000 	C:\Program Files\Java\jdk-17\bin\sunmscapi.dll
0x00007ffbde3d0000 - 0x00007ffbde526000 	C:\WINDOWS\System32\CRYPT32.dll
0x00007ffbdd900000 - 0x00007ffbdd927000 	C:\WINDOWS\SYSTEM32\ncrypt.dll
0x00007ffbdd8c0000 - 0x00007ffbdd8fb000 	C:\WINDOWS\SYSTEM32\NTASN1.dll
0x00007ffb89420000 - 0x00007ffb89427000 	C:\WINDOWS\system32\wshunix.dll

dbghelp: loaded successfully - version: 4.0.5 - missing functions: none
symbol engine: initialized successfully - sym options: 0x614 - pdb path: .;C:\Program Files\Java\jdk-17\bin;C:\WINDOWS\SYSTEM32;C:\WINDOWS\WinSxS\amd64_microsoft.windows.common-controls_6595b64144ccf1df_6.0.19041.1110_none_60b5254171f9507e;C:\Program Files\Java\jdk-17\bin\server;C:\Users\Kolitha\.gradle\native\c067742578af261105cb4f569cf0c3c89f3d7b1fecec35dd04571415982c5e48\windows-amd64;C:\Users\Kolitha\.gradle\native\jansi\1.18\windows64

VM Arguments:
jvm_args: -Xmx64m -Xms64m -Dorg.gradle.appname=gradlew 
java_command: org.gradle.wrapper.GradleWrapperMain app:installDebug -PreactNativeDevServerPort=8081
java_class_path (initial): C:\Users\Kolitha\Desktop\eRav Projects\QR\QR-Code_Scanner\android\\gradle\wrapper\gradle-wrapper.jar
Launcher Type: SUN_STANDARD

[Global flags]
     intx CICompilerCount                          = 3                                         {product} {ergonomic}
     uint ConcGCThreads                            = 1                                         {product} {ergonomic}
     uint G1ConcRefinementThreads                  = 4                                         {product} {ergonomic}
   size_t G1HeapRegionSize                         = 1048576                                   {product} {ergonomic}
    uintx GCDrainStackTargetSize                   = 64                                        {product} {ergonomic}
   size_t InitialHeapSize                          = 67108864                                  {product} {command line}
   size_t MarkStackSize                            = 4194304                                   {product} {ergonomic}
   size_t MaxHeapSize                              = 67108864                                  {product} {command line}
   size_t MaxNewSize                               = 39845888                                  {product} {ergonomic}
   size_t MinHeapDeltaBytes                        = 1048576                                   {product} {ergonomic}
   size_t MinHeapSize                              = 67108864                                  {product} {command line}
    uintx NonNMethodCodeHeapSize                   = 5832780                                {pd product} {ergonomic}
    uintx NonProfiledCodeHeapSize                  = 122912730                              {pd product} {ergonomic}
    uintx ProfiledCodeHeapSize                     = 122912730                              {pd product} {ergonomic}
    uintx ReservedCodeCacheSize                    = 251658240                              {pd product} {ergonomic}
     bool SegmentedCodeCache                       = true                                      {product} {ergonomic}
   size_t SoftMaxHeapSize                          = 67108864                               {manageable} {ergonomic}
     bool UseCompressedClassPointers               = true                           {product lp64_product} {ergonomic}
     bool UseCompressedOops                        = true                           {product lp64_product} {ergonomic}
     bool UseG1GC                                  = true                                      {product} {ergonomic}
     bool UseLargePagesIndividualAllocation        = false                                  {pd product} {ergonomic}

Logging:
Log output configuration:
 #0: stdout all=warning uptime,level,tags
 #1: stderr all=off uptime,level,tags

Environment Variables:
JAVA_HOME=C:\Program Files\Java\jdk-17
CLASSPATH=C:\Users\Kolitha\Desktop\eRav Projects\QR\QR-Code_Scanner\android\\gradle\wrapper\gradle-wrapper.jar
PATH=C:\Users\Kolitha\Desktop\eRav Projects\QR\QR-Code_Scanner\node_modules\.bin;C:\Users\Kolitha\Desktop\eRav Projects\QR\node_modules\.bin;C:\Users\Kolitha\Desktop\eRav Projects\node_modules\.bin;C:\Users\Kolitha\Desktop\node_modules\.bin;C:\Users\Kolitha\node_modules\.bin;C:\Users\node_modules\.bin;C:\node_modules\.bin;C:\Users\Kolitha\AppData\Roaming\npm\node_modules\npm\node_modules\@npmcli\run-script\lib\node-gyp-bin;C:\Python312\Scripts\;C:\Python312\;C:\app\Kolitha\product\21c\dbhomeXE\bin;C:\Program Files\Java\jdk-17\bin;C:\Program Files\Common Files\Oracle\Java\javapath;D:\SQl\Home\bin;C:\Python310\Scripts\;C:\Python310\;C:\Program Files (x86)\Common Files\Oracle\Java\javapath;C:\Program Files\Java\jdk1.8.0_321\bin;C:\WINDOWS\system32;C:\WINDOWS;C:\WINDOWS\System32\Wbem;C:\WINDOWS\System32\WindowsPowerShell\v1.0\;C:\WINDOWS\System32\OpenSSH\;C:\ProgramData\chocolatey\bin;C:\Program Files (x86)\Git\cmd;E:\SOftware\apache-maven-3.9.0\bin;C:\Program Files\Docker\Docker\resources\bin;C:\Program Files\Java\jdk-21\bin;C:\Users\Kolitha\AppData\Local\Android\Sdk\platform-tools;C:\Users\Kolitha\AppData\Roaming\nvm;C:\Program Files\nodejs;C:\Users\Kolitha\AppData\Roaming\nvm;C:\Program Files\Java\jdk-17\bin;C:\Users\Kolitha\AppData\Local\Android\Sdk\tools;C:\Users\Kolitha\AppData\Local\Android\Sdk\tools;C:\Users\Kolitha\anaconda3;C:\Users\Kolitha\anaconda3\Library\mingw-w64\bin;C:\Users\Kolitha\anaconda3\Library\usr\bin;C:\Users\Kolitha\anaconda3\Library\bin;C:\Users\Kolitha\anaconda3\Scripts;C:\Users\Kolitha\scoop\shims;C:\Users\Kolitha\AppData\Local\Programs\Python\Python310\Scripts\;C:\Users\Kolitha\AppData\Local\Programs\Python\Python310\;C:\Users\Kolitha\AppData\Local\Programs\Microsoft VS Code\bin;C:\Users\Kolitha\AppData\Local\Microsoft\WindowsApps;C:\Program Files\Azure Data Studio\bin;C:\Program Files\Azure Data Studio\bin;C:\Program Files\Azure Data Studio\bin;C:\Program Files\JetBrains\IntelliJ IDEA 2023.1\bin;;C:\Program Files\JetBrains\PyCharm Community Ed
USERNAME=Kolitha
OS=Windows_NT
PROCESSOR_IDENTIFIER=Intel64 Family 6 Model 69 Stepping 1, GenuineIntel



---------------  S Y S T E M  ---------------

OS:
 Windows 10 , 64 bit Build 19041 (10.0.19041.1889)
OS uptime: 0 days 0:50 hours

CPU: total 4 (initial active 4) (2 cores per cpu, 2 threads per core) family 6 model 69 stepping 1 microcode 0x25, cx8, cmov, fxsr, ht, mmx, sse, sse2, sse3, ssse3, sse4.1, sse4.2, popcnt, lzcnt, tsc, tscinvbit, avx, avx2, aes, erms, clmul, bmi1, bmi2, fma, vzeroupper, clflush

Memory: 4k page, system-wide physical 16281M (2979M free)
TotalPageFile size 16281M (AvailPageFile size 4M)
current process WorkingSet (physical memory assigned to process): 98M, peak: 102M
current process commit charge ("private bytes"): 160M, peak: 164M

vm_info: Java HotSpot(TM) 64-Bit Server VM (17.0.11+7-LTS-207) for windows-amd64 JRE (17.0.11+7-LTS-207), built on Mar 11 2024 19:01:50 by "mach5one" with MS VC++ 17.6 (VS2022)

END.
